<?xml version="1.0" encoding="UTF-8"?>
<!-- Generated by org.testng.reporters.JUnitReportReporter -->
<testsuite skipped="0" hostname="DESKTOP-TRKNI3A" name="veriousConcept.BrowserSetup" tests="1" failures="0" timestamp="2021-02-18T15:38:55 EST" time="8.182" errors="0">
  <testcase name="logIn" time="8.182" classname="veriousConcept.BrowserSetup"/>
  <system-out/>
</testsuite> <!-- veriousConcept.BrowserSetup -->
